PHP Warning:  Module "mongodb" is already loaded in Unknown on line 0
PHP Warning:  Module "mongodb" is already loaded in Unknown on line 0
PHP Warning:  Module "mongodb" is already loaded in Unknown on line 0
PHP Warning:  Module "mongodb" is already loaded in Unknown on line 0
PHP Warning:  Module "mongodb" is already loaded in Unknown on line 0
PHP Warning:  Module "mongodb" is already loaded in Unknown on line 0
PHP Warning:  Module "mongodb" is already loaded in Unknown on line 0
PHP Warning:  Module "mongodb" is already loaded in Unknown on line 0
[2021-01-28 12:47:43][VZoUGiDxnHxiCkk2kSQGGDeUESB5jVch] Processing: App\Jobs\Panel\MailJobs
[2021-01-28 12:47:46][VZoUGiDxnHxiCkk2kSQGGDeUESB5jVch] Processed:  App\Jobs\Panel\MailJobs
PHP Warning:  Module "mongodb" is already loaded in Unknown on line 0
PHP Warning:  Module "mongodb" is already loaded in Unknown on line 0
PHP Warning:  Module "mongodb" is already loaded in Unknown on line 0
PHP Warning:  Module "mongodb" is already loaded in Unknown on line 0
PHP Warning:  Module "mongodb" is already loaded in Unknown on line 0
PHP Warning:  Module "mongodb" is already loaded in Unknown on line 0
PHP Warning:  Module "mongodb" is already loaded in Unknown on line 0
PHP Warning:  Module "mongodb" is already loaded in Unknown on line 0
PHP Warning:  Module "mongodb" is already loaded in Unknown on line 0
PHP Warning:  Module "mongodb" is already loaded in Unknown on line 0
[2021-01-28 12:50:23][VP6UxsGvPEPX2MwRIxzn0b1V1jfw9FzJ] Processing: App\Jobs\Panel\MailJobs
[2021-01-28 12:50:26][VP6UxsGvPEPX2MwRIxzn0b1V1jfw9FzJ] Processed:  App\Jobs\Panel\MailJobs
PHP Warning:  Module "mongodb" is already loaded in Unknown on line 0

In StreamHandler.php line 111:
                                                                               
  The stream or file "/var/www/vhosts/klinikdiyetisyen.com/api.klinikdiyetisy  
  en.com/storage/logs/laravel.log" could not be opened in append mode: Failed  
   to open stream: Permission denied                                           
                                                                               

PHP Warning:  Module "mongodb" is already loaded in Unknown on line 0

In StreamHandler.php line 111:
                                                                               
  The stream or file "/var/www/vhosts/klinikdiyetisyen.com/api.klinikdiyetisy  
  en.com/storage/logs/laravel.log" could not be opened in append mode: Failed  
   to open stream: Permission denied                                           
                                                                               

PHP Warning:  Module "mongodb" is already loaded in Unknown on line 0
PHP Warning:  Module "mongodb" is already loaded in Unknown on line 0

In StreamHandler.php line 111:
                                                                               
  The stream or file "/var/www/vhosts/klinikdiyetisyen.com/api.klinikdiyetisy  
  en.com/storage/logs/laravel.log" could not be opened in append mode: Failed  
   to open stream: Permission denied                                           
                                                                               

PHP Warning:  Module "mongodb" is already loaded in Unknown on line 0

In StreamHandler.php line 111:
                                                                               
  The stream or file "/var/www/vhosts/klinikdiyetisyen.com/api.klinikdiyetisy  
  en.com/storage/logs/laravel.log" could not be opened in append mode: Failed  
   to open stream: Permission denied                                           
                                                                               

PHP Warning:  Module "mongodb" is already loaded in Unknown on line 0
PHP Warning:  Module "mongodb" is already loaded in Unknown on line 0

In StreamHandler.php line 111:
                                                                               
  The stream or file "/var/www/vhosts/klinikdiyetisyen.com/api.klinikdiyetisy  
  en.com/storage/logs/laravel.log" could not be opened in append mode: Failed  
   to open stream: Permission denied                                           
                                                                               

PHP Warning:  Module "mongodb" is already loaded in Unknown on line 0

In StreamHandler.php line 111:
                                                                               
  The stream or file "/var/www/vhosts/klinikdiyetisyen.com/api.klinikdiyetisy  
  en.com/storage/logs/laravel.log" could not be opened in append mode: Failed  
   to open stream: Permission denied                                           
                                                                               

PHP Warning:  Module "mongodb" is already loaded in Unknown on line 0
PHP Warning:  Module "mongodb" is already loaded in Unknown on line 0

In StreamHandler.php line 111:
                                                                               
  The stream or file "/var/www/vhosts/klinikdiyetisyen.com/api.klinikdiyetisy  
  en.com/storage/logs/laravel.log" could not be opened in append mode: Failed  
   to open stream: Permission denied                                           
                                                                               

PHP Warning:  Module "mongodb" is already loaded in Unknown on line 0

In StreamHandler.php line 111:
                                                                               
  The stream or file "/var/www/vhosts/klinikdiyetisyen.com/api.klinikdiyetisy  
  en.com/storage/logs/laravel.log" could not be opened in append mode: Failed  
   to open stream: Permission denied                                           
                                                                               

PHP Warning:  Module "mongodb" is already loaded in Unknown on line 0
PHP Warning:  Module "mongodb" is already loaded in Unknown on line 0

In StreamHandler.php line 111:
                                                                               
  The stream or file "/var/www/vhosts/klinikdiyetisyen.com/api.klinikdiyetisy  
  en.com/storage/logs/laravel.log" could not be opened in append mode: Failed  
   to open stream: Permission denied                                           
                                                                               

PHP Warning:  Module "mongodb" is already loaded in Unknown on line 0

In StreamHandler.php line 111:
                                                                               
  The stream or file "/var/www/vhosts/klinikdiyetisyen.com/api.klinikdiyetisy  
  en.com/storage/logs/laravel.log" could not be opened in append mode: Failed  
   to open stream: Permission denied                                           
                                                                               

PHP Warning:  Module "mongodb" is already loaded in Unknown on line 0
PHP Warning:  Module "mongodb" is already loaded in Unknown on line 0

In StreamHandler.php line 111:
                                                                               
  The stream or file "/var/www/vhosts/klinikdiyetisyen.com/api.klinikdiyetisy  
  en.com/storage/logs/laravel.log" could not be opened in append mode: Failed  
   to open stream: Permission denied                                           
                                                                               

PHP Warning:  Module "mongodb" is already loaded in Unknown on line 0

In StreamHandler.php line 111:
                                                                               
  The stream or file "/var/www/vhosts/klinikdiyetisyen.com/api.klinikdiyetisy  
  en.com/storage/logs/laravel.log" could not be opened in append mode: Failed  
   to open stream: Permission denied                                           
                                                                               

PHP Warning:  Module "mongodb" is already loaded in Unknown on line 0

In StreamHandler.php line 111:
                                                                               
  The stream or file "/var/www/vhosts/klinikdiyetisyen.com/api.klinikdiyetisy  
  en.com/storage/logs/laravel.log" could not be opened in append mode: Failed  
   to open stream: Permission denied                                           
                                                                               

PHP Warning:  Module "mongodb" is already loaded in Unknown on line 0
PHP Warning:  Module "mongodb" is already loaded in Unknown on line 0

In StreamHandler.php line 111:
                                                                               
  The stream or file "/var/www/vhosts/klinikdiyetisyen.com/api.klinikdiyetisy  
  en.com/storage/logs/laravel.log" could not be opened in append mode: Failed  
   to open stream: Permission denied                                           
                                                                               

PHP Warning:  Module "mongodb" is already loaded in Unknown on line 0

In StreamHandler.php line 111:
                                                                               
  The stream or file "/var/www/vhosts/klinikdiyetisyen.com/api.klinikdiyetisy  
  en.com/storage/logs/laravel.log" could not be opened in append mode: Failed  
   to open stream: Permission denied                                           
                                                                               

PHP Warning:  Module "mongodb" is already loaded in Unknown on line 0

In StreamHandler.php line 111:
                                                                               
  The stream or file "/var/www/vhosts/klinikdiyetisyen.com/api.klinikdiyetisy  
  en.com/storage/logs/laravel.log" could not be opened in append mode: Failed  
   to open stream: Permission denied                                           
                                                                               

PHP Warning:  Module "mongodb" is already loaded in Unknown on line 0
PHP Warning:  Module "mongodb" is already loaded in Unknown on line 0

In StreamHandler.php line 111:
                                                                               
  The stream or file "/var/www/vhosts/klinikdiyetisyen.com/api.klinikdiyetisy  
  en.com/storage/logs/laravel.log" could not be opened in append mode: Failed  
   to open stream: Erişim engellendi                                           
                                                                               

PHP Warning:  Module "mongodb" is already loaded in Unknown on line 0

In StreamHandler.php line 111:
                                                                               
  The stream or file "/var/www/vhosts/klinikdiyetisyen.com/api.klinikdiyetisy  
  en.com/storage/logs/laravel.log" could not be opened in append mode: Failed  
   to open stream: Erişim engellendi                                           
                                                                               

PHP Warning:  Module "mongodb" is already loaded in Unknown on line 0

In StreamHandler.php line 111:
                                                                               
  The stream or file "/var/www/vhosts/klinikdiyetisyen.com/api.klinikdiyetisy  
  en.com/storage/logs/laravel.log" could not be opened in append mode: Failed  
   to open stream: Erişim engellendi                                           
                                                                               

PHP Warning:  Module "mongodb" is already loaded in Unknown on line 0
PHP Warning:  Module "mongodb" is already loaded in Unknown on line 0

In StreamHandler.php line 111:
                                                                               
  The stream or file "/var/www/vhosts/klinikdiyetisyen.com/api.klinikdiyetisy  
  en.com/storage/logs/laravel.log" could not be opened in append mode: Failed  
   to open stream: Erişim engellendi                                           
                                                                               

PHP Warning:  Module "mongodb" is already loaded in Unknown on line 0

In StreamHandler.php line 111:
                                                                               
  The stream or file "/var/www/vhosts/klinikdiyetisyen.com/api.klinikdiyetisy  
  en.com/storage/logs/laravel.log" could not be opened in append mode: Failed  
   to open stream: Erişim engellendi                                           
                                                                               

PHP Warning:  Module "mongodb" is already loaded in Unknown on line 0

In StreamHandler.php line 111:
                                                                               
  The stream or file "/var/www/vhosts/klinikdiyetisyen.com/api.klinikdiyetisy  
  en.com/storage/logs/laravel.log" could not be opened in append mode: Failed  
   to open stream: Erişim engellendi                                           
                                                                               

PHP Warning:  Module "mongodb" is already loaded in Unknown on line 0

   UnexpectedValueException 

  The stream or file "/var/www/vhosts/klinikdiyetisyen.com/api.klinikdiyetisyen.com/storage/logs/laravel.log" could not be opened in append mode: Failed to open stream: Erişim engellendi

  at /var/www/vhosts/klinikdiyetisyen.com/api.klinikdiyetisyen.com/vendor/monolog/monolog/src/Monolog/Handler/StreamHandler.php:111
    107▕             restore_error_handler();
    108▕             if (!is_resource($this->stream)) {
    109▕                 $this->stream = null;
    110▕ 
  ➜ 111▕                 throw new \UnexpectedValueException(sprintf('The stream or file "%s" could not be opened in append mode: '.$this->errorMessage, $this->url));
    112▕             }
    113▕         }
    114▕ 
    115▕         if ($this->useLocking) {

      [2m+7 vendor frames [22m
  8   /var/www/vhosts/klinikdiyetisyen.com/api.klinikdiyetisyen.com/app/Exceptions/Handler.php:39
      Illuminate\Foundation\Exceptions\Handler::report()

      [2m+2 vendor frames [22m
  11  [internal]:0
      Illuminate\Foundation\Bootstrap\HandleExceptions::handleException()

   UnexpectedValueException 

  The stream or file "/var/www/vhosts/klinikdiyetisyen.com/api.klinikdiyetisyen.com/storage/logs/laravel.log" could not be opened in append mode: Failed to open stream: Erişim engellendi

  at /var/www/vhosts/klinikdiyetisyen.com/api.klinikdiyetisyen.com/vendor/monolog/monolog/src/Monolog/Handler/StreamHandler.php:111
    107▕             restore_error_handler();
    108▕             if (!is_resource($this->stream)) {
    109▕                 $this->stream = null;
    110▕ 
  ➜ 111▕                 throw new \UnexpectedValueException(sprintf('The stream or file "%s" could not be opened in append mode: '.$this->errorMessage, $this->url));
    112▕             }
    113▕         }
    114▕ 
    115▕         if ($this->useLocking) {

      [2m+7 vendor frames [22m
  8   /var/www/vhosts/klinikdiyetisyen.com/api.klinikdiyetisyen.com/app/Exceptions/Handler.php:39
      Illuminate\Foundation\Exceptions\Handler::report()

      [2m+2 vendor frames [22m
  11  [internal]:0
      Illuminate\Foundation\Bootstrap\HandleExceptions::handleException()
[2021-07-06 10:42:49][fPenC6FxFExYdXUuaINvs7aWcRnr3VIS] Processing: App\Jobs\Panel\MailJobs
[2021-07-06 10:42:49][fPenC6FxFExYdXUuaINvs7aWcRnr3VIS] Failed:     App\Jobs\Panel\MailJobs

   UnexpectedValueException 

  The stream or file "/var/www/vhosts/klinikdiyetisyen.com/api.klinikdiyetisyen.com/storage/logs/laravel.log" could not be opened in append mode: Failed to open stream: Erişim engellendi

  at /var/www/vhosts/klinikdiyetisyen.com/api.klinikdiyetisyen.com/vendor/monolog/monolog/src/Monolog/Handler/StreamHandler.php:111
    107▕             restore_error_handler();
    108▕             if (!is_resource($this->stream)) {
    109▕                 $this->stream = null;
    110▕ 
  ➜ 111▕                 throw new \UnexpectedValueException(sprintf('The stream or file "%s" could not be opened in append mode: '.$this->errorMessage, $this->url));
    112▕             }
    113▕         }
    114▕ 
    115▕         if ($this->useLocking) {

      [2m+7 vendor frames [22m
  8   /var/www/vhosts/klinikdiyetisyen.com/api.klinikdiyetisyen.com/app/Exceptions/Handler.php:39
      Illuminate\Foundation\Exceptions\Handler::report()

      [2m+2 vendor frames [22m
  11  [internal]:0
      Illuminate\Foundation\Bootstrap\HandleExceptions::handleException()
